  [4;36;1mSQL (2.7ms)[0m   [0;1m SELECT name
 FROM sqlite_master
 WHERE type = 'table' AND NOT name = 'sqlite_sequence'
[0m
  [4;35;1mSQL (0.4ms)[0m   [0mselect sqlite_version(*)[0m
  [4;36;1mSQL (72.1ms)[0m   [0;1mCREATE TABLE "schema_migrations" ("version" varchar(255) NOT NULL) [0m
  [4;35;1mSQL (23.9ms)[0m   [0mCREATE UNIQUE INDEX "unique_schema_migrations" ON "schema_migrations" ("version")[0m
  [4;36;1mSQL (2.6ms)[0m   [0;1m SELECT name
 FROM sqlite_master
 WHERE type = 'table' AND NOT name = 'sqlite_sequence'
[0m
  [4;35;1mSQL (2.1ms)[0m   [0mSELECT version FROM schema_migrations[0m
Migrating to CreateUsers (20100406172104)
  [4;36;1mSQL (11.1ms)[0m   [0;1mCREATE TABLE "users" ("id" INTEGER PRIMARY KEY AUTOINCREMENT NOT NULL, "nome_completo" varchar(255), "data_de_nascimento" date, "estado_civil" varchar(255), "identidade" integer, "tipo" varchar(255), "cpf" integer, "nacionalidade" varchar(255), "logradouro_permanente" varchar(255), "numero_permanente" integer, "cidade_permanente" varchar(255), "estado_permanente" varchar(255), "pais_permanente" varchar(255), "cep_permanente" integer, "telefone_permanente" integer, "logradouro_correspondencia" varchar(255), "numero_correspondencia" integer, "cidade_correspondencia" varchar(255), "estado_correspondencia" varchar(255), "pais_correspondencia" varchar(255), "cep_correspondencia" integer, "telefone_correspondencia" integer, "celular_correspondencia" integer, "email" varchar(255), "formacao_superior_graduacao" text, "formacao_superior_pos" text, "outras_academicas" text, "empregos_passados" text, "empregos_atuais" text, "created_at" datetime, "updated_at" datetime) [0m
  [4;35;1mSQL (0.4ms)[0m   [0mINSERT INTO schema_migrations (version) VALUES ('20100406172104')[0m
  [4;36;1mSQL (2.9ms)[0m   [0;1m SELECT name
 FROM sqlite_master
 WHERE type = 'table' AND NOT name = 'sqlite_sequence'
[0m
  [4;35;1mSQL (2.7ms)[0m   [0mSELECT version FROM schema_migrations[0m
  [4;36;1mSQL (2.8ms)[0m   [0;1m SELECT name
 FROM sqlite_master
 WHERE type = 'table' AND NOT name = 'sqlite_sequence'
[0m
  [4;35;1mSQL (0.2ms)[0m   [0mPRAGMA index_list("users")[0m


Processing UsersController#index (for 127.0.0.1 at 2010-04-06 14:21:45) [GET]
  [4;36;1mUser Load (7.0ms)[0m   [0;1mSELECT * FROM "users" [0m
Rendering template within layouts/users
Rendering users/index
Completed in 169ms (View: 142, DB: 7) | 200 OK [http://localhost/users]


Processing UsersController#new (for 127.0.0.1 at 2010-04-06 14:21:57) [GET]
Rendering template within layouts/users
Rendering users/new
Completed in 447ms (View: 400, DB: 0) | 200 OK [http://localhost/users/new]


Processing UsersController#create (for 127.0.0.1 at 2010-04-06 14:22:30) [POST]
  Parameters: {"commit"=>"Create", "authenticity_token"=>"w/Yj6RAEYJMiKUP74khMCf09e7XfKsMcKGLTVGt5wMo=", "user"=>{"cep_correspondencia"=>"", "pais_correspondencia"=>"", "numero_correspondencia"=>"", "tipo"=>"", "nome_completo"=>"cassia", "logradouro_correspondencia"=>"", "telefone_permanente"=>"", "cpf"=>"", "empregos_atuais"=>"", "outras_academicas"=>"", "celular_correspondencia"=>"", "numero_permanente"=>"", "logradouro_permanente"=>"", "identidade"=>"", "formacao_superior_pos"=>"", "nacionalidade"=>"", "empregos_passados"=>"", "formacao_superior_graduacao"=>"", "pais_permanente"=>"", "estado_permanente"=>"", "data_de_nascimento(1i)"=>"2010", "cidade_correspondencia"=>"", "estado_civil"=>"", "data_de_nascimento(2i)"=>"4", "telefone_correspondencia"=>"", "cidade_permanente"=>"", "data_de_nascimento(3i)"=>"6", "email"=>"", "estado_correspondencia"=>"", "cep_permanente"=>""}}
  [4;35;1mUser Create (20.6ms)[0m   [0mINSERT INTO "users" ("nome_completo", "tipo", "numero_correspondencia", "pais_correspondencia", "cep_correspondencia", "created_at", "logradouro_correspondencia", "cpf", "telefone_permanente", "updated_at", "logradouro_permanente", "numero_permanente", "celular_correspondencia", "outras_academicas", "empregos_atuais", "identidade", "nacionalidade", "formacao_superior_pos", "estado_permanente", "pais_permanente", "formacao_superior_graduacao", "empregos_passados", "estado_civil", "cidade_correspondencia", "data_de_nascimento", "cidade_permanente", "telefone_correspondencia", "cep_permanente", "estado_correspondencia", "email") VALUES('cassia', '', NULL, '', NULL, '2010-04-06 17:22:30', '', NULL, NULL, '2010-04-06 17:22:30', '', NULL, NULL, '', '', NULL, '', '', '', '', '', '', '', '', '2010-04-06', '', NULL, NULL, '', '')[0m
Redirected to http://localhost:3000/users/1
Completed in 156ms (DB: 21) | 302 Found [http://localhost/users]


Processing UsersController#show (for 127.0.0.1 at 2010-04-06 14:22:31) [GET]
  Parameters: {"id"=>"1"}
  [4;36;1mUser Load (5.1ms)[0m   [0;1mSELECT * FROM "users" WHERE ("users"."id" = 1) [0m
Rendering template within layouts/users
Rendering users/show
Completed in 108ms (View: 55, DB: 5) | 200 OK [http://localhost/users/1]


Processing UsersController#index (for 127.0.0.1 at 2010-04-06 14:22:37) [GET]
  [4;35;1mUser Load (8.2ms)[0m   [0mSELECT * FROM "users" [0m
Rendering template within layouts/users
Rendering users/index
Completed in 88ms (View: 55, DB: 8) | 200 OK [http://localhost/users]


Processing UsersController#destroy (for 127.0.0.1 at 2010-04-06 14:22:43) [DELETE]
  Parameters: {"authenticity_token"=>"w/Yj6RAEYJMiKUP74khMCf09e7XfKsMcKGLTVGt5wMo=", "id"=>"1"}
  [4;36;1mUser Load (12.6ms)[0m   [0;1mSELECT * FROM "users" WHERE ("users"."id" = 1) [0m
  [4;35;1mUser Destroy (35.5ms)[0m   [0mDELETE FROM "users" WHERE "id" = 1[0m
Redirected to http://localhost:3000/users
Completed in 177ms (DB: 48) | 302 Found [http://localhost/users/1]


Processing UsersController#index (for 127.0.0.1 at 2010-04-06 14:22:43) [GET]
  [4;36;1mUser Load (7.4ms)[0m   [0;1mSELECT * FROM "users" [0m
Rendering template within layouts/users
Rendering users/index
Completed in 51ms (View: 8, DB: 7) | 200 OK [http://localhost/users]
  [4;36;1mSQL (6.9ms)[0m   [0;1m SELECT name
 FROM sqlite_master
 WHERE type = 'table' AND NOT name = 'sqlite_sequence'
[0m
  [4;35;1mSQL (3.5ms)[0m   [0mSELECT version FROM schema_migrations[0m
Migrating to CreateUsers (20100406172104)
Migrating to CreateCourses (20100406172742)
  [4;36;1mSQL (0.7ms)[0m   [0;1mselect sqlite_version(*)[0m
  [4;35;1mSQL (6.9ms)[0m   [0mCREATE TABLE "courses" ("id" INTEGER PRIMARY KEY AUTOINCREMENT NOT NULL, "area" varchar(255), "nivel" varchar(255), "subarea" varchar(255), "created_at" datetime, "updated_at" datetime) [0m
  [4;36;1mSQL (2.1ms)[0m   [0;1mINSERT INTO schema_migrations (version) VALUES ('20100406172742')[0m
  [4;35;1mSQL (3.9ms)[0m   [0m SELECT name
 FROM sqlite_master
 WHERE type = 'table' AND NOT name = 'sqlite_sequence'
[0m
  [4;36;1mSQL (4.3ms)[0m   [0;1mSELECT version FROM schema_migrations[0m
  [4;35;1mSQL (4.3ms)[0m   [0m SELECT name
 FROM sqlite_master
 WHERE type = 'table' AND NOT name = 'sqlite_sequence'
[0m
  [4;36;1mSQL (0.4ms)[0m   [0;1mPRAGMA index_list("courses")[0m
  [4;35;1mSQL (0.3ms)[0m   [0mPRAGMA index_list("users")[0m
  [4;36;1mSQL (9.6ms)[0m   [0;1m SELECT name
 FROM sqlite_master
 WHERE type = 'table' AND NOT name = 'sqlite_sequence'
[0m
  [4;35;1mSQL (4.3ms)[0m   [0mSELECT version FROM schema_migrations[0m
Migrating to CreateUsers (20100406172104)
Migrating to CreateCourses (20100406172742)
Migrating to CreateSubscriptions (20100406173914)
  [4;36;1mSQL (0.8ms)[0m   [0;1mselect sqlite_version(*)[0m
  [4;35;1mSQL (7.8ms)[0m   [0mCREATE TABLE "subscriptions" ("id" INTEGER PRIMARY KEY AUTOINCREMENT NOT NULL, "inicio_pretendido" varchar(255), "outros_programas" text, "orientador" varchar(255), "bolsa_fomento" varchar(255), "bolsa_ime" boolean, "bolsas_anteriores" text, "dados_carta_recomendacao" text, "trabalhar_se_aceito" boolean, "resumo_dissertacao_mestrado" text, "propositos" text, "observacoes" text, "curso_id" integer, "user_id" integer, "created_at" datetime, "updated_at" datetime) [0m
  [4;36;1mSQL (2.2ms)[0m   [0;1mINSERT INTO schema_migrations (version) VALUES ('20100406173914')[0m
  [4;35;1mSQL (6.6ms)[0m   [0m SELECT name
 FROM sqlite_master
 WHERE type = 'table' AND NOT name = 'sqlite_sequence'
[0m
  [4;36;1mSQL (4.0ms)[0m   [0;1mSELECT version FROM schema_migrations[0m
  [4;35;1mSQL (5.3ms)[0m   [0m SELECT name
 FROM sqlite_master
 WHERE type = 'table' AND NOT name = 'sqlite_sequence'
[0m
  [4;36;1mSQL (0.3ms)[0m   [0;1mPRAGMA index_list("courses")[0m
  [4;35;1mSQL (0.4ms)[0m   [0mPRAGMA index_list("subscriptions")[0m
  [4;36;1mSQL (0.4ms)[0m   [0;1mPRAGMA index_list("users")[0m


Processing ApplicationController#new (for 127.0.0.1 at 2010-04-06 14:42:47) [GET]

NameError (uninitialized constant UserController):
  

Rendered rescues/_trace (131.8ms)
Rendered rescues/_request_and_response (2.4ms)
Rendering rescues/layout (internal_server_error)


Processing UsersController#index (for 127.0.0.1 at 2010-04-06 14:43:33) [GET]
  [4;36;1mUser Load (7.3ms)[0m   [0;1mSELECT * FROM "users" [0m
Rendering template within layouts/users
Rendering users/index
Completed in 152ms (View: 122, DB: 7) | 200 OK [http://localhost/users]


Processing UsersController#new (for 127.0.0.1 at 2010-04-06 14:43:39) [GET]
Rendering template within layouts/users
Rendering users/new
Completed in 444ms (View: 407, DB: 0) | 200 OK [http://localhost/users/new]


Processing UsersController#new (for 127.0.0.1 at 2010-04-06 14:44:07) [GET]
Rendering template within layouts/users
Rendering users/new
Completed in 141ms (View: 103, DB: 0) | 200 OK [http://localhost/]


Processing UsersController#create (for 127.0.0.1 at 2010-04-06 14:50:11) [POST]
  Parameters: {"commit"=>"Create", "authenticity_token"=>"ZslDVyDjjeenRtPOo/D0p4624CmQW4Xz1XN0Yfkd17c=", "user"=>{"cep_correspondencia"=>"", "pais_correspondencia"=>"", "numero_correspondencia"=>"", "tipo"=>"", "nome_completo"=>"Regis", "logradouro_correspondencia"=>"", "telefone_permanente"=>"", "cpf"=>"", "empregos_atuais"=>"", "outras_academicas"=>"", "celular_correspondencia"=>"", "numero_permanente"=>"", "logradouro_permanente"=>"", "identidade"=>"", "formacao_superior_pos"=>"", "nacionalidade"=>"", "empregos_passados"=>"", "formacao_superior_graduacao"=>"", "pais_permanente"=>"", "estado_permanente"=>"", "data_de_nascimento(1i)"=>"2011", "cidade_correspondencia"=>"", "estado_civil"=>"", "data_de_nascimento(2i)"=>"6", "telefone_correspondencia"=>"", "cidade_permanente"=>"", "data_de_nascimento(3i)"=>"6", "email"=>"", "estado_correspondencia"=>"", "cep_permanente"=>""}}
  [4;35;1mUser Create (11.9ms)[0m   [0mINSERT INTO "users" ("nome_completo", "tipo", "numero_correspondencia", "pais_correspondencia", "cep_correspondencia", "created_at", "logradouro_correspondencia", "cpf", "telefone_permanente", "updated_at", "logradouro_permanente", "numero_permanente", "celular_correspondencia", "outras_academicas", "empregos_atuais", "identidade", "nacionalidade", "formacao_superior_pos", "estado_permanente", "pais_permanente", "formacao_superior_graduacao", "empregos_passados", "estado_civil", "cidade_correspondencia", "data_de_nascimento", "cidade_permanente", "telefone_correspondencia", "cep_permanente", "estado_correspondencia", "email") VALUES('Regis', '', NULL, '', NULL, '2010-04-06 17:50:11', '', NULL, NULL, '2010-04-06 17:50:11', '', NULL, NULL, '', '', NULL, '', '', '', '', '', '', '', '', '2011-06-06', '', NULL, NULL, '', '')[0m
Redirected to http://localhost:3000/users/2
Completed in 220ms (DB: 12) | 302 Found [http://localhost/users]


Processing UsersController#show (for 127.0.0.1 at 2010-04-06 14:50:11) [GET]
  Parameters: {"id"=>"2"}
  [4;36;1mUser Load (8.1ms)[0m   [0;1mSELECT * FROM "users" WHERE ("users"."id" = 2) [0m
Rendering template within layouts/users
Rendering users/show
Completed in 94ms (View: 45, DB: 8) | 200 OK [http://localhost/users/2]


Processing ApplicationController#index (for 127.0.0.1 at 2010-04-06 14:52:13) [GET]

ActionController::RoutingError (No route matches "/users/2/subscription/new" with {:method=>:get}):
  

Rendering rescues/layout (not_found)


Processing SubscriptionsController#new (for 127.0.0.1 at 2010-04-06 14:52:22) [GET]
  Parameters: {"user_id"=>"2"}
Rendering template within layouts/subscriptions
Rendering subscriptions/new

ActionView::TemplateError (undefined method `subscriptions_path' for #<ActionView::Base:0xb569953c>) on line #3 of app/views/subscriptions/new.html.erb:
1: <h1>New subscription</h1>
2: 
3: <% form_for(@subscription) do |f| %>
4:   <%= f.error_messages %>
5: 
6:   <p>

    app/views/subscriptions/new.html.erb:3
    app/controllers/subscriptions_controller.rb:29:in `new'

Rendered rescues/_trace (156.2ms)
Rendered rescues/_request_and_response (1.2ms)
Rendering rescues/layout (internal_server_error)


Processing SubscriptionsController#new (for 127.0.0.1 at 2010-04-06 14:57:59) [GET]
  Parameters: {"user_id"=>"2"}

NoMethodError (undefined method `subscription' for "2":String):
  app/controllers/subscriptions_controller.rb:28:in `new'

Rendered rescues/_trace (108.0ms)
Rendered rescues/_request_and_response (1.0ms)
Rendering rescues/layout (internal_server_error)


Processing SubscriptionsController#new (for 127.0.0.1 at 2010-04-06 14:58:00) [GET]
  Parameters: {"user_id"=>"2"}

NoMethodError (undefined method `subscription' for "2":String):
  app/controllers/subscriptions_controller.rb:28:in `new'

Rendered rescues/_trace (168.3ms)
Rendered rescues/_request_and_response (0.8ms)
Rendering rescues/layout (internal_server_error)


Processing UsersController#index (for 127.0.0.1 at 2010-04-06 14:58:28) [GET]
  [4;35;1mUser Load (10.6ms)[0m   [0mSELECT * FROM "users" [0m
Rendering template within layouts/users
Rendering users/index
Completed in 90ms (View: 54, DB: 11) | 200 OK [http://localhost/users]


Processing SubscriptionsController#new (for 127.0.0.1 at 2010-04-06 14:58:40) [GET]
  Parameters: {"user_id"=>"2"}

NoMethodError (undefined method `subscription' for "2":String):
  app/controllers/subscriptions_controller.rb:28:in `new'

Rendered rescues/_trace (101.7ms)
Rendered rescues/_request_and_response (1.4ms)
Rendering rescues/layout (internal_server_error)
